nohup: ignorando entrada

  .   ____          _            __ _ _
 /\\ / ___'_ __ _ _(_)_ __  __ _ \ \ \ \
( ( )\___ | '_ | '_| | '_ \/ _` | \ \ \ \
 \\/  ___)| |_)| | | | | || (_| |  ) ) ) )
  '  |____| .__|_| |_|_| |_\__, | / / / /
 =========|_|==============|___/=/_/_/_/

 :: Spring Boot ::                (v3.5.3)

2025-07-07T14:56:20.516-03:00  INFO 31656 --- [           main] com.anigame.api.AnigameApplication       : Starting AnigameApplication v0.0.1-SNAPSHOT using Java 21.0.7 with PID 31656 (/home/lucas/Área de trabalho/dev/Java/projetos_intellij/new_api/anigame/target/anigame-0.0.1-SNAPSHOT.jar started by lucas in /home/lucas/Área de trabalho/dev/Java/projetos_intellij/new_api/anigame)
2025-07-07T14:56:20.517-03:00  INFO 31656 --- [           main] com.anigame.api.AnigameApplication       : No active profile set, falling back to 1 default profile: "default"
2025-07-07T14:56:21.232-03:00  INFO 31656 --- [           main] .s.d.r.c.RepositoryConfigurationDelegate : Bootstrapping Spring Data JPA repositories in DEFAULT mode.
2025-07-07T14:56:21.270-03:00  INFO 31656 --- [           main] .s.d.r.c.RepositoryConfigurationDelegate : Finished Spring Data repository scanning in 31 ms. Found 3 JPA repository interfaces.
2025-07-07T14:56:21.720-03:00  INFO 31656 --- [           main] o.s.b.w.embedded.tomcat.TomcatWebServer  : Tomcat initialized with port 8080 (http)
2025-07-07T14:56:21.732-03:00  INFO 31656 --- [           main] o.apache.catalina.core.StandardService   : Starting service [Tomcat]
2025-07-07T14:56:21.732-03:00  INFO 31656 --- [           main] o.apache.catalina.core.StandardEngine    : Starting Servlet engine: [Apache Tomcat/10.1.42]
2025-07-07T14:56:21.752-03:00  INFO 31656 --- [           main] o.a.c.c.C.[Tomcat].[localhost].[/]       : Initializing Spring embedded WebApplicationContext
2025-07-07T14:56:21.753-03:00  INFO 31656 --- [           main] w.s.c.ServletWebServerApplicationContext : Root WebApplicationContext: initialization completed in 1207 ms
2025-07-07T14:56:21.992-03:00  INFO 31656 --- [           main] com.zaxxer.hikari.HikariDataSource       : HikariPool-1 - Starting...
2025-07-07T14:56:22.148-03:00  INFO 31656 --- [           main] com.zaxxer.hikari.pool.HikariPool        : HikariPool-1 - Added connection org.postgresql.jdbc.PgConnection@70fede7d
2025-07-07T14:56:22.149-03:00  INFO 31656 --- [           main] com.zaxxer.hikari.HikariDataSource       : HikariPool-1 - Start completed.
2025-07-07T14:56:22.171-03:00  INFO 31656 --- [           main] org.flywaydb.core.FlywayExecutor         : Database: jdbc:postgresql://localhost:5432/pg (PostgreSQL 16.9)
2025-07-07T14:56:22.206-03:00  INFO 31656 --- [           main] o.f.core.internal.command.DbValidate     : Successfully validated 1 migration (execution time 00:00.019s)
2025-07-07T14:56:22.243-03:00  INFO 31656 --- [           main] o.f.core.internal.command.DbMigrate      : Current version of schema "public": 1
2025-07-07T14:56:22.245-03:00  INFO 31656 --- [           main] o.f.core.internal.command.DbMigrate      : Schema "public" is up to date. No migration necessary.
2025-07-07T14:56:22.314-03:00  INFO 31656 --- [           main] o.hibernate.jpa.internal.util.LogHelper  : HHH000204: Processing PersistenceUnitInfo [name: default]
2025-07-07T14:56:22.345-03:00  INFO 31656 --- [           main] org.hibernate.Version                    : HHH000412: Hibernate ORM core version 6.6.18.Final
2025-07-07T14:56:22.365-03:00  INFO 31656 --- [           main] o.h.c.internal.RegionFactoryInitiator    : HHH000026: Second-level cache disabled
2025-07-07T14:56:22.531-03:00  INFO 31656 --- [           main] o.s.o.j.p.SpringPersistenceUnitInfo      : No LoadTimeWeaver setup: ignoring JPA class transformer
2025-07-07T14:56:22.580-03:00  INFO 31656 --- [           main] org.hibernate.orm.connections.pooling    : HHH10001005: Database info:
	Database JDBC URL [Connecting through datasource 'HikariDataSource (HikariPool-1)']
	Database driver: undefined/unknown
	Database version: 16.9
	Autocommit mode: undefined/unknown
	Isolation level: undefined/unknown
	Minimum pool size: undefined/unknown
	Maximum pool size: undefined/unknown
2025-07-07T14:56:23.131-03:00  INFO 31656 --- [           main] o.h.e.t.j.p.i.JtaPlatformInitiator       : HHH000489: No JTA platform available (set 'hibernate.transaction.jta.platform' to enable JTA platform integration)
2025-07-07T14:56:23.133-03:00  INFO 31656 --- [           main] j.LocalContainerEntityManagerFactoryBean : Initialized JPA EntityManagerFactory for persistence unit 'default'
2025-07-07T14:56:23.447-03:00  WARN 31656 --- [           main] JpaBaseConfiguration$JpaWebConfiguration : spring.jpa.open-in-view is enabled by default. Therefore, database queries may be performed during view rendering. Explicitly configure spring.jpa.open-in-view to disable this warning
2025-07-07T14:56:23.888-03:00  INFO 31656 --- [           main] o.s.b.w.embedded.tomcat.TomcatWebServer  : Tomcat started on port 8080 (http) with context path '/'
2025-07-07T14:56:23.894-03:00  INFO 31656 --- [           main] com.anigame.api.AnigameApplication       : Started AnigameApplication in 3.725 seconds (process running for 4.059)
Admin already exists.
2025-07-07T14:58:03.925-03:00  INFO 31656 --- [nio-8080-exec-1] o.a.c.c.C.[Tomcat].[localhost].[/]       : Initializing Spring DispatcherServlet 'dispatcherServlet'
2025-07-07T14:58:03.926-03:00  INFO 31656 --- [nio-8080-exec-1] o.s.web.servlet.DispatcherServlet        : Initializing Servlet 'dispatcherServlet'
2025-07-07T14:58:03.927-03:00  INFO 31656 --- [nio-8080-exec-1] o.s.web.servlet.DispatcherServlet        : Completed initialization in 1 ms
